digraph path {
	graph [bb="0,0,216.79,1341"];
	node [label="\N"];
	0	 [height=0.5,
		pos="108.79,1323",
		width=0.75];
	15	 [height=0.5,
		pos="47.793,1236",
		width=0.75];
	0 -> 15	 [label="  1.0",
		lp="29.293,1279.5",
		pos="e,30.39,1250.4 82.019,1319.8 60.428,1316.5 31.343,1308.1 16.793,1287 10.27,1277.5 15.467,1266.7 23.343,1257.6"];
	0 -> 15	 [color=blue,
		pos="e,53.108,1253.7 91.33,1309.1 83.983,1303 75.771,1295.3 69.793,1287 64.571,1279.8 60.222,1271.2 56.806,1263.1"];
	1	 [height=0.5,
		pos="115.79,18",
		width=0.75];
	0 -> 1	 [label="  1.0",
		lp="141.29,670.5",
		pos="e,119.91,35.818 115.12,1305.3 120.98,1288.4 128.79,1261.3 128.79,1237 128.79,1237 128.79,1237 128.79,104 128.79,84.406 125.38,62.561 \
122.05,45.923"];
	2	 [height=0.5,
		pos="59.793,105",
		width=0.75];
	2 -> 1	 [label=" 10.0",
		lp="24.793,61.5",
		pos="e,88.743,19.674 38.129,94.113 20.327,84.584 -0.29359,69.381 10.793,54 26.158,32.681 55.073,24.152 78.675,20.831"];
	3	 [height=0.5,
		pos="54.793,192",
		width=0.75];
	2 -> 3	 [label="  1.0",
		lp="69.293,148.5",
		pos="e,55.805,173.8 58.782,123.18 58.098,134.81 57.18,150.42 56.397,163.73"];
	6	 [height=0.5,
		pos="40.793,453",
		width=0.75];
	5	 [height=0.5,
		pos="47.793,366",
		width=0.75];
	6 -> 5	 [label="  1.0",
		lp="21.293,409.5",
		pos="e,28.597,378.93 23.415,438.62 13.035,428.89 2.9132,415.18 8.7927,402 11.517,395.89 15.892,390.41 20.745,385.69"];
	6 -> 5	 [color=blue,
		pos="e,46.378,384.18 42.209,434.8 43.168,423.16 44.453,407.55 45.55,394.24"];
	7	 [height=0.5,
		pos="40.793,540",
		width=0.75];
	6 -> 7	 [label="  1.0",
		lp="50.293,496.5",
		pos="e,39.035,521.93 38.895,471.12 38.044,480.77 37.324,493.05 37.793,504 37.902,506.56 38.056,509.22 38.238,511.88"];
	14	 [height=0.5,
		pos="40.793,1149",
		width=0.75];
	13	 [height=0.5,
		pos="40.793,1062",
		width=0.75];
	14 -> 13	 [label="  1.0",
		lp="14.293,1105.5",
		pos="e,21.486,1074.8 21.597,1136.1 13.929,1130.2 5.9447,1122.3 1.7927,1113 -3.3399,1101.5 3.9054,1090.3 13.49,1081.4"];
	14 -> 13	 [color=blue,
		pos="e,40.793,1080.2 40.793,1130.8 40.793,1119.2 40.793,1103.5 40.793,1090.2"];
	14 -> 15	 [label="  1.0",
		lp="50.293,1192.5",
		pos="e,41.943,1218.1 38.082,1167.2 36.976,1176.9 36.273,1189.1 37.793,1200 38.174,1202.7 38.714,1205.5 39.349,1208.3"];
	13 -> 14	 [label="  1.0",
		lp="64.293,1105.5",
		pos="e,47.587,1131.4 47.225,1079.8 49.087,1085.5 50.865,1092 51.793,1098 52.979,1105.7 52.05,1114.1 50.32,1121.7"];
	12	 [height=0.5,
		pos="40.793,975",
		width=0.75];
	13 -> 12	 [label="  1.0",
		lp="14.293,1018.5",
		pos="e,21.486,987.83 21.597,1049.1 13.929,1043.2 5.9447,1035.3 1.7927,1026 -3.3399,1014.5 3.9054,1003.3 13.49,994.41"];
	13 -> 12	 [color=blue,
		pos="e,40.793,993.18 40.793,1043.8 40.793,1032.2 40.793,1016.5 40.793,1003.2"];
	15 -> 0	 [label="  1.0",
		lp="94.293,1279.5",
		pos="e,97.604,1306.4 58.91,1252.5 68.004,1265.2 81.024,1283.3 91.482,1297.9"];
	15 -> 14	 [label="  1.0",
		lp="80.293,1192.5",
		pos="e,54.791,1164.5 59.557,1219.4 65.47,1209.6 70.642,1196.6 66.793,1185 65.402,1180.8 63.289,1176.7 60.857,1172.8"];
	15 -> 14	 [color=blue,
		pos="e,35.701,1166.7 39.763,1218.7 37.341,1212.9 35.006,1206.3 33.793,1200 32.351,1192.5 32.697,1184.3 33.783,1176.8"];
	12 -> 13	 [label="  1.0",
		lp="64.293,1018.5",
		pos="e,47.587,1044.4 47.225,992.84 49.087,998.52 50.865,1005 51.793,1011 52.979,1018.7 52.05,1027.1 50.32,1034.7"];
	11	 [height=0.5,
		pos="40.793,888",
		width=0.75];
	12 -> 11	 [label="  1.0",
		lp="14.293,931.5",
		pos="e,21.486,900.83 21.597,962.07 13.929,956.17 5.9447,948.31 1.7927,939 -3.3399,927.5 3.9054,916.29 13.49,907.41"];
	12 -> 11	 [color=blue,
		pos="e,40.793,906.18 40.793,956.8 40.793,945.16 40.793,929.55 40.793,916.24"];
	11 -> 12	 [label="  1.0",
		lp="64.293,931.5",
		pos="e,47.587,957.43 47.225,905.84 49.087,911.52 50.865,917.96 51.793,924 52.979,931.73 52.05,940.06 50.32,947.65"];
	10	 [height=0.5,
		pos="40.793,801",
		width=0.75];
	11 -> 10	 [label="  1.0",
		lp="14.293,844.5",
		pos="e,21.486,813.83 21.597,875.07 13.929,869.17 5.9447,861.31 1.7927,852 -3.3399,840.5 3.9054,829.29 13.49,820.41"];
	11 -> 10	 [color=blue,
		pos="e,40.793,819.18 40.793,869.8 40.793,858.16 40.793,842.55 40.793,829.24"];
	10 -> 11	 [label="  1.0",
		lp="64.293,844.5",
		pos="e,47.587,870.43 47.225,818.84 49.087,824.52 50.865,830.96 51.793,837 52.979,844.73 52.05,853.06 50.32,860.65"];
	9	 [height=0.5,
		pos="40.793,714",
		width=0.75];
	10 -> 9	 [label="  1.0",
		lp="14.293,757.5",
		pos="e,21.486,726.83 21.597,788.07 13.929,782.17 5.9447,774.31 1.7927,765 -3.3399,753.5 3.9054,742.29 13.49,733.41"];
	10 -> 9	 [color=blue,
		pos="e,40.793,732.18 40.793,782.8 40.793,771.16 40.793,755.55 40.793,742.24"];
	9 -> 10	 [label="  1.0",
		lp="64.293,757.5",
		pos="e,47.587,783.43 47.225,731.84 49.087,737.52 50.865,743.96 51.793,750 52.979,757.73 52.05,766.06 50.32,773.65"];
	8	 [height=0.5,
		pos="40.793,627",
		width=0.75];
	9 -> 8	 [label="  1.0",
		lp="14.293,670.5",
		pos="e,21.486,639.83 21.597,701.07 13.929,695.17 5.9447,687.31 1.7927,678 -3.3399,666.5 3.9054,655.29 13.49,646.41"];
	9 -> 8	 [color=blue,
		pos="e,40.793,645.18 40.793,695.8 40.793,684.16 40.793,668.55 40.793,655.24"];
	8 -> 9	 [label="  1.0",
		lp="64.293,670.5",
		pos="e,47.587,696.43 47.225,644.84 49.087,650.52 50.865,656.96 51.793,663 52.979,670.73 52.05,679.06 50.32,686.65"];
	8 -> 7	 [label="  1.0",
		lp="14.293,583.5",
		pos="e,21.486,552.83 21.597,614.07 13.929,608.17 5.9447,600.31 1.7927,591 -3.3399,579.5 3.9054,568.29 13.49,559.41"];
	8 -> 7	 [color=blue,
		pos="e,40.793,558.18 40.793,608.8 40.793,597.16 40.793,581.55 40.793,568.24"];
	5 -> 6	 [label="  1.0",
		lp="72.293,409.5",
		pos="e,50.908,436.25 55.3,383.71 58.719,393.44 61.469,405.94 58.793,417 57.964,420.42 56.738,423.89 55.31,427.24"];
	4	 [height=0.5,
		pos="51.793,279",
		width=0.75];
	5 -> 4	 [label="  1.0",
		lp="25.293,322.5",
		pos="e,32.597,291.93 29.505,352.26 18.101,342.62 6.6615,328.74 12.793,315 15.517,308.89 19.892,303.41 24.745,298.69"];
	5 -> 4	 [color=blue,
		pos="e,50.984,297.18 48.602,347.8 49.15,336.16 49.885,320.55 50.511,307.24"];
	7 -> 6	 [label="  1.0",
		lp="80.293,496.5",
		pos="e,55.33,468.33 54.791,524.54 59.566,518.65 64.32,511.47 66.793,504 69.894,494.62 66.508,484.87 61.268,476.49"];
	7 -> 6	 [color=blue,
		pos="e,36.694,470.99 36.369,521.92 34.383,512.27 32.704,499.99 33.793,489 34.049,486.41 34.41,483.73 34.834,481.05"];
	7 -> 8	 [label="  1.0",
		lp="64.293,583.5",
		pos="e,47.587,609.43 47.225,557.84 49.087,563.52 50.865,569.96 51.793,576 52.979,583.73 52.05,592.06 50.32,599.65"];
	4 -> 5	 [label="  1.0",
		lp="75.293,322.5",
		pos="e,56.393,348.71 59.008,296.64 62.33,306.36 65.08,318.86 62.793,330 62.162,333.07 61.249,336.21 60.181,339.28"];
	4 -> 3	 [label="  1.0",
		lp="27.293,235.5",
		pos="e,35.116,204.83 33.054,265.79 20.877,256.21 8.367,242.16 14.793,228 17.662,221.68 22.301,216.05 27.42,211.25"];
	4 -> 3	 [color=blue,
		pos="e,54.186,210.18 52.4,260.8 52.81,249.16 53.362,233.55 53.831,220.24"];
	1 -> 0	 [label="  1.0",
		lp="189.29,670.5",
		pos="e,127.73,1309.8 133.11,31.95 151.14,47.059 176.79,73.848 176.79,104 176.79,1237 176.79,1237 176.79,1237 176.79,1264.5 154.83,1288.2 \
135.87,1303.5"];
	1 -> 0	 [color=blue,
		pos="e,133.03,1314.9 139.47,26.997 169.33,38.757 216.79,63.779 216.79,104 216.79,1237 216.79,1237 216.79,1237 216.79,1275.4 174.15,1299.1 \
142.46,1311.4"];
	1 -> 2	 [label=" 10.0",
		lp="75.793,61.5",
		pos="e,56.706,86.717 92.997,27.719 81.534,33.375 68.65,41.963 61.793,54 57.949,60.746 56.546,68.876 56.347,76.602"];
	1 -> 2	 [color=red,
		pos="e,73.731,89.273 108.27,35.754 103.51,45.731 96.912,58.46 89.793,69 86.973,73.174 83.727,77.411 80.434,81.428"];
	3 -> 2	 [label="  1.0",
		lp="23.293,148.5",
		pos="e,37.859,115.69 34.026,180.13 19.108,170.74 2.909,156.32 10.793,141 14.919,132.98 21.826,126.39 29.173,121.18"];
	3 -> 2	 [color=blue,
		pos="e,73.596,120.54 70.073,177.14 75.497,171.22 80.956,163.87 83.793,156 87.054,146.95 84.117,137.35 79.323,129.01"];
	3 -> 4	 [label="  1.0",
		lp="77.293,235.5",
		pos="e,59.252,261.61 61.296,209.64 64.297,219.35 66.797,231.85 64.793,243 64.266,245.93 63.51,248.94 62.623,251.9"];
}
