digraph tree {
	graph [bb="0,0,2688,1167"];
	node [label="\N"];
	0	 [height=0.5,
		pos="1722,1149",
		width=0.75];
	6	 [height=0.5,
		pos="1228,1062",
		width=0.75];
	0 -> 6	 [label="  1.0",
		lp="1516.5,1105.5",
		pos="e,1253.9,1067.5 1696.1,1143.5 1614,1129.4 1358.6,1085.5 1263.9,1069.2"];
	13	 [height=0.5,
		pos="1722,192",
		width=0.75];
	0 -> 13	 [label="  1.0",
		lp="2167.5,670.5",
		pos="e,1740.9,205.02 1749.1,1147.5 1829.5,1145.7 2065.8,1138.5 2138,1113 2175.4,1099.8 2212,1102.7 2212,1063 2212,1063 2212,1063 2212,\
756.5 2212,705.5 2088,628.08 2053,591 1993.1,527.61 1987,504.21 1934,435 1874.6,357.53 1862,336.37 1800,261 1787.6,245.92 1785.5,\
241.09 1771,228 1764.3,221.95 1756.6,216.01 1749.2,210.78"];
	0 -> 13	 [color=blue,
		pos="e,1748.1,197.31 1748.9,1147.5 1876.1,1145.1 2409,1131.2 2409,1063 2409,1063 2409,1063 2409,843.5 2409,756.76 2385.2,531.57 2361,\
489 2330.5,435.41 2199.8,343.28 2145,315 2011.2,245.93 1833.4,211.63 1758,198.96"];
	0 -> 13	 [color=red,
		pos="e,1748.5,196.09 1749.1,1147.6 1878.5,1145.5 2427,1132.2 2427,1063 2427,1063 2427,1063 2427,843.5 2427,756.76 2403.2,531.57 2379,\
489 2348.5,435.41 2217.8,343.28 2163,315 2024,243.2 1837.2,208.97 1758.9,197.55"];
	15	 [height=0.5,
		pos="946,18",
		width=0.75];
	0 -> 15	 [label="  1.0",
		lp="12.5,583.5",
		pos="e,918.71,19.009 1694.7,1148 1484.4,1148.1 126.57,1147.5 48,1113 19.79,1100.6 0,1093.8 0,1063 0,1063 0,1063 0,104 0,41.266 70.548,\
66.619 132,54 283.41,22.908 769.59,19.394 908.57,19.032"];
	10	 [height=0.5,
		pos="484,192",
		width=0.75];
	0 -> 10	 [label="  1.0",
		lp="50.5,670.5",
		pos="e,456.78,192.41 1695.1,1147.8 1503.3,1146.4 348.71,1136.8 195,1113 122.63,1101.8 38,1136.2 38,1063 38,1063 38,1063 38,669.5 38,630.36 \
72.341,634.54 102,609 109.17,602.83 231.72,512.44 236,504 254.8,466.91 239,452.08 239,410.5 239,410.5 239,410.5 239,278 239,247.8 \
258.51,242.49 285,228 336.21,199.99 404.92,193.6 446.75,192.57"];
	9	 [height=0.5,
		pos="1595,366",
		width=0.75];
	0 -> 9	 [label="  1.0",
		lp="1524.5,757.5",
		pos="e,1577.1,379.59 1714.7,1131.4 1708,1114.5 1699,1087.5 1699,1063 1699,1063 1699,1063 1699,930.5 1699,902.9 1705.5,888.52 1685,870 \
1638.5,827.9 1595,889.9 1545,852 1532.3,842.37 1536.3,834.01 1531,819 1510.7,762.1 1463.5,617.8 1455,558 1452.7,542.16 1449.3,536.93 \
1455,522 1477.9,462.57 1535.2,411.73 1569,385.67"];
	0 -> 9	 [color=blue,
		pos="e,1592.5,383.93 1723,1130.8 1727.9,1113.9 1737,1087.2 1737,1063 1737,1063 1737,1063 1737,930.5 1737,898.27 1716.8,895.42 1697,870 \
1658.1,820.14 1625,823.5 1601,765 1597.5,756.41 1589.3,482.06 1592.1,393.95"];
	0 -> 9	 [color=red,
		pos="e,1598.5,383.93 1735.4,1133.3 1744.9,1116.6 1755,1088.5 1755,1063 1755,1063 1755,1063 1755,930.5 1755,898.27 1734.8,895.42 1715,\
870 1676.1,820.14 1643,823.5 1619,765 1615.5,756.41 1607.3,482.06 1599.5,393.95"];
	4	 [height=0.5,
		pos="1911,801",
		width=0.75];
	0 -> 4	 [label="  1.0",
		lp="1980.5,975",
		pos="e,1927.5,815.47 1748.3,1144.6 1811.8,1135.7 1968,1109.1 1968,1063 1968,1063 1968,1063 1968,887 1968,861.81 1950.5,838.44 1934.9,\
822.61"];
	3	 [height=0.5,
		pos="1126,975",
		width=0.75];
	0 -> 3	 [label="  1.0",
		lp="1495.5,1062",
		pos="e,1150.4,983.03 1697.5,1140.9 1603.9,1113.9 1268.6,1017.2 1160.1,985.85"];
	2	 [height=0.5,
		pos="2167,540",
		width=0.75];
	14	 [height=0.5,
		pos="1833,627",
		width=0.75];
	2 -> 14	 [label="  1.0",
		lp="2081.5,583.5",
		pos="e,1859.5,622.73 2143.6,549.29 2123.8,556.35 2094.5,566.79 2069,576 2050.8,582.6 2046.7,585.93 2028,591 1973.6,605.72 1908.9,615.93 \
1869.5,621.38"];
	2 -> 15	 [label="  1.0",
		lp="2546.5,279",
		pos="e,973.05,19.108 2194,538.52 2278.7,536.3 2534,523.82 2534,454 2534,454 2534,454 2534,104 2534,74.45 2549,79.185 2310,54 2042.1,25.768 \
1173.5,20.074 983.11,19.155"];
	12	 [height=0.5,
		pos="1137,105",
		width=0.75];
	2 -> 12	 [label="  1.0",
		lp="1956.5,322.5",
		pos="e,1164.1,105.96 2142.7,531.74 2125.9,525.97 2103.8,516.75 2087,504 2065.4,487.61 1950.6,335.63 1933,315 1912.2,290.55 1907,284.36 \
1885,261 1847.5,221.21 1845.7,200.78 1798,174 1689.9,113.28 1297.2,106.59 1174.1,106"];
	2 -> 12	 [color=blue,
		pos="e,1164.1,106.25 2154.6,523.76 2128.2,490.58 2066,408.47 2032,330 2003.6,264.43 2046.4,221.46 1993,174 1931,118.96 1330.7,108.23 \
1174.2,106.36"];
	11	 [height=0.5,
		pos="2272,192",
		width=0.75];
	2 -> 11	 [label="  1.0",
		lp="2162.5,366",
		pos="e,2255.5,206.66 2163.8,521.96 2156.3,481.39 2139.4,380.08 2150,348 2168.6,291.58 2218,240.44 2248,213.34"];
	2 -> 11	 [color=blue,
		pos="e,2266.9,209.93 2172.1,522.31 2188.9,466.83 2243.1,288.21 2263.8,219.91"];
	8	 [height=0.5,
		pos="1364,453",
		width=0.75];
	2 -> 8	 [label="  1.0",
		lp="1586.5,496.5",
		pos="e,1388.7,460.44 2139.9,539.08 2055.7,538.97 1790.6,535.92 1574,504 1540.4,499.04 1448.9,475.98 1398.5,462.98"];
	2 -> 4	 [label="  1.0",
		lp="2206.5,670.5",
		pos="e,1937.8,798.04 2175.9,557.45 2189.2,584.52 2210.5,639.31 2188,678 2138.2,763.66 2011.4,789.32 1948.1,796.9"];
	6 -> 0	 [label="  1.0",
		lp="1359.5,1105.5",
		pos="e,1694.7,1148.3 1248.4,1073.8 1271.6,1085.6 1310.9,1104 1347,1113 1467.7,1143.2 1616.2,1147.9 1684.5,1148.2"];
	6 -> 15	 [label="  1.0",
		lp="2535.5,540",
		pos="e,973.01,18.969 1254.2,1057 1280.8,1053.1 1323.2,1047.3 1360,1044 1501.4,1031.2 1863.6,1041.7 1997,993 2313.3,877.56 2417.3,782.13 \
2546,471 2586.4,373.23 2587,342.3 2587,236.5 2587,236.5 2587,236.5 2587,104 2587,72.653 2602,78.565 2393,54 2108.1,20.522 1180.6,\
18.92 983.15,18.965"];
	6 -> 10	 [label="  1.0",
		lp="223.5,627",
		pos="e,457.22,194.49 1200.7,1060.9 1052,1060.1 341.94,1055 249,1026 209.7,1013.7 171,1017.2 171,976 171,976 171,976 171,713 171,605.89 \
247.68,601.96 291,504 308.35,464.76 315,453.4 315,410.5 315,410.5 315,410.5 315,278 315,219.28 397.43,201.12 447.15,195.51"];
	7	 [height=0.5,
		pos="840,279",
		width=0.75];
	6 -> 7	 [label="  1.0",
		lp="393.5,670.5",
		pos="e,814.24,284.49 1200.8,1061.3 1071.9,1062.4 524.5,1059.5 419,939 365.85,878.3 358.19,635.2 413,576 448.28,537.89 604.67,589.44 646,\
558 738.55,487.59 652.23,387.68 743,315 760.73,300.8 784.72,292.08 804.4,286.89"];
	6 -> 4	 [label="  1.0",
		lp="1848.5,931.5",
		pos="e,1908.2,819.19 1254.3,1057.7 1362.1,1043.8 1768.3,986.87 1865,906 1888.4,886.47 1900.3,852.74 1906,829"];
	1	 [height=0.5,
		pos="1199,888",
		width=0.75];
	6 -> 1	 [label="  1.0",
		lp="1288.5,975",
		pos="e,1221.5,898.05 1242.6,1046.5 1248.2,1040.5 1254.3,1033.2 1259,1026 1276.1,999.68 1280.6,987.67 1274,957 1270.6,941.25 1269.8,935.95 \
1259,924 1251.1,915.3 1240.6,908.16 1230.5,902.65"];
	6 -> 3	 [label="  1.0",
		lp="1127.5,1018.5",
		pos="e,1116.3,992.25 1201,1061.1 1174.3,1059.6 1134.6,1052.6 1115,1026 1109.8,1019 1110.2,1010.1 1112.7,1001.7"];
	14 -> 2	 [label="  1.0",
		lp="2132.5,583.5",
		pos="e,2149.9,554.1 1860,626.73 1909.2,627.13 2015.9,623.72 2098,591 2102.9,589.04 2124,573.56 2141.6,560.34"];
	14 -> 2	 [color=blue,
		pos="e,2164.4,558.12 1860.5,626.39 1928.3,626.81 2101.2,624.49 2146,591 2153.6,585.35 2158.4,576.45 2161.5,567.72"];
	14 -> 13	 [label="  1.0",
		lp="1823.5,409.5",
		pos="e,1728.8,209.65 1837.1,609.01 1838.3,603.32 1839.4,596.92 1840,591 1842.6,565.23 1852.4,557.17 1839,489 1836.2,474.92 1760.9,288.7 \
1732.6,219.05"];
	14 -> 15	 [label="  1.0",
		lp="2137.5,322.5",
		pos="e,973.29,18.766 1852.6,614.34 1920.1,572.53 2139,422.68 2139,236.5 2139,236.5 2139,236.5 2139,104 2139,75.155 2114.1,71.434 2021,\
54 1815.8,15.583 1149,17.574 983.46,18.694"];
	14 -> 9	 [label="  1.0",
		lp="1822.5,496.5",
		pos="e,1621.9,369.07 1830.6,608.97 1823.5,561.65 1801.4,430.18 1770,402 1750,384.11 1677.1,374.41 1631.9,370.01"];
	14 -> 8	 [label="  1.0",
		lp="1630.5,540",
		pos="e,1389.2,460.31 1819,611.53 1806.7,599.85 1787.8,584.07 1768,576 1705.8,550.62 1682.5,576.72 1618,558 1564.5,542.48 1554.7,529.15 \
1505,504 1492.4,497.62 1490,494.45 1477,489 1451.5,478.35 1421.7,469.23 1399,462.98"];
	5	 [height=0.5,
		pos="1021,714",
		width=0.75];
	14 -> 5	 [label="  1.0",
		lp="1397.5,670.5",
		pos="e,1047,708.9 1806.2,629.55 1736.6,633.68 1544.4,645.84 1385,663 1264.5,675.97 1122.5,697.21 1057.2,707.32"];
	14 -> 4	 [label="  1.0",
		lp="1931.5,714",
		pos="e,1915,783.11 1856.1,636.32 1869.5,642.1 1885.8,650.94 1897,663 1924.4,692.46 1921.8,742.34 1916.8,773.09"];
	14 -> 3	 [label="  1.0",
		lp="1813.5,801",
		pos="e,1151.1,967.65 1836.6,644.94 1841.7,673.21 1847.2,730.33 1819,765 1768.7,826.8 1724.9,798.02 1648,819 1613.7,828.36 1597.9,814.88 \
1570,837 1530.5,868.39 1562.1,911.07 1520,939 1490.9,958.33 1240.6,952.35 1206,957 1191.2,958.99 1175.1,962.21 1161.2,965.32"];
	13 -> 0	 [label="  1.0",
		lp="2515.5,670.5",
		pos="e,1749,1147.7 1748.4,196 1812.4,203.33 1972.3,221.98 1996,228 2138.8,264.27 2180.9,268.63 2305,348 2408,413.87 2503,416.73 2503,\
539 2503,1063 2503,1063 2503,1063 2503,1098.4 2474.1,1100.4 2441,1113 2377.1,1137.3 1897.2,1145.6 1759.1,1147.5"];
	13 -> 14	 [label="  1.0",
		lp="1856.5,409.5",
		pos="e,1844.6,610.73 1736.5,207.62 1742,213.64 1748.2,220.87 1753,228 1801.4,299.64 1813.5,319.7 1840,402 1861.4,468.48 1863.2,488.28 \
1859,558 1858.1,572.75 1859.9,577.08 1855,591 1853.7,594.77 1851.9,598.56 1849.9,602.18"];
	13 -> 9	 [label="  1.0",
		lp="1674.5,279",
		pos="e,1604.5,349.06 1707.8,207.32 1701.9,213.54 1694.9,220.99 1689,228 1657.9,264.8 1627.3,311.93 1609.9,340.23"];
	13 -> 7	 [label="  1.0",
		lp="1366.5,235.5",
		pos="e,866.99,276.87 1695,193.9 1621.1,196.61 1417.1,205.94 1354,228 1342.5,232.03 1342.6,239.11 1331,243 1288.4,257.34 983.9,271.76 \
876.99,276.43"];
	13 -> 1	 [label="  1.0",
		lp="1678.5,540",
		pos="e,1220.6,876.87 1723.3,210.13 1726.7,266.63 1730.2,449.67 1643,558 1572.5,645.53 1482.9,575.02 1413,663 1393.5,687.5 1415.5,705.42 \
1399,732 1357,799.59 1274.3,849.12 1229.6,872.32"];
	15 -> 0	 [label="  1.0",
		lp="2675.5,583.5",
		pos="e,1749.1,1147.5 973.03,18.913 1182.9,18.32 2545.9,15.94 2623,54 2648.5,66.595 2663,75.542 2663,104 2663,1063 2663,1063 2663,1063 \
2663,1149.5 2560.4,1099.8 2475,1113 2334.7,1134.7 1891.6,1144.7 1759.5,1147.3"];
	15 -> 2	 [label="  1.0",
		lp="2490.5,279",
		pos="e,2194,538.99 973.15,19.043 1178,19.537 2473,25.756 2473,104 2473,236.5 2473,236.5 2473,236.5 2473,316.72 2505.8,344.25 2472,417 \
2425.5,517.11 2274.9,535.58 2204.3,538.63"];
	15 -> 6	 [label="  1.0",
		lp="2634.5,540",
		pos="e,1254.2,1056.8 973.06,19.18 1184.5,20.636 2565.3,31.01 2601,54 2621.7,67.348 2625,79.35 2625,104 2625,236.5 2625,236.5 2625,236.5 \
2625,522.02 2657.4,665.73 2441,852 2332.7,945.26 2251,870.75 2137,957 2107.2,979.54 2121.9,1008.3 2089,1026 2053.3,1045.2 1400.4,\
1040.9 1360,1044 1327.5,1046.5 1290.6,1051.4 1264.2,1055.3"];
	15 -> 14	 [label="  1.0",
		lp="2064.5,322.5",
		pos="e,1848.9,612.45 973.1,19.074 1111,19.588 1735.8,23.582 1927,54 2006.5,66.64 2101,23.537 2101,104 2101,236.5 2101,236.5 2101,236.5 \
2101,248.25 1877.5,581.98 1870,591 1865.8,595.99 1861,601 1856.3,605.61"];
	15 -> 12	 [label="  1.0",
		lp="1085.5,61.5",
		pos="e,1117.2,92.425 969.89,26.562 989.76,33.1 1018.6,43.182 1043,54 1065.5,64.004 1090.1,77.165 1108.5,87.474"];
	15 -> 10	 [label="  1.0",
		lp="517.5,105",
		pos="e,484.07,173.97 918.92,18.931 839.08,19.1 606,22.36 538,54 497.63,72.782 487.2,129.41 484.65,163.7"];
	15 -> 9	 [label="  1.0",
		lp="1980.5,192",
		pos="e,1621.9,364.29 973.13,19.007 1125.7,19.169 1871.6,21.62 1907,54 1997.9,137.21 1988.4,269.57 1881,330 1839.2,353.52 1699.6,361.44 \
1632.1,363.94"];
	15 -> 5	 [label="  1.0",
		lp="969.5,366",
		pos="e,1018.3,695.73 937.79,35.225 922.2,68.009 890.81,144.59 902,210 910.34,258.77 925.76,267.33 939,315 977.11,452.19 1006.1,620.44 \
1016.7,685.5"];
	15 -> 7	 [label="  1.0",
		lp="833.5,148.5",
		pos="e,832.62,261.39 926.1,30.445 896.09,49.063 840.67,89.108 821,141 807.06,177.8 818.75,223.62 828.97,251.84"];
	15 -> 3	 [label="  1.0",
		lp="175.5,496.5",
		pos="e,1098.7,974.34 918.89,19.474 787.07,21.876 218.11,33.41 187,54 166.44,67.605 163,79.35 163,104 163,410.5 163,410.5 163,410.5 163,\
452.06 146.23,465.98 163,504 190.93,567.32 237.94,552.56 278,609 370.32,739.06 288.11,847.86 419,939 474.11,977.37 950.43,975.73 \
1088.6,974.44"];
	12 -> 2	 [label="  1.0",
		lp="1916.5,322.5",
		pos="e,2141.2,534.2 1164.2,107.02 1269.1,111.28 1647.5,129.46 1758,174 1794.4,188.69 1800.2,200.23 1828,228 1903.1,303.03 1898.4,342.48 \
1974,417 1983.5,426.36 1988.1,426.08 1998,435 2029.1,462.99 2026.8,481.35 2062,504 2083.1,517.59 2110,526.43 2131.3,531.82"];
	12 -> 15	 [label="  1.0",
		lp="1030.5,61.5",
		pos="e,962.22,32.548 1111.5,98.999 1086.8,93.582 1048.7,83.693 1018,69 1001.1,60.914 983.82,49.049 970.42,38.907"];
	12 -> 10	 [label="  1.0",
		lp="910.5,148.5",
		pos="e,510.91,190.33 1110.2,108.53 1065.8,113.04 974.05,123.66 898,141 876.21,145.97 871.91,151.58 850,156 731.46,179.92 587.92,187.6 \
521.31,189.98"];
	12 -> 9	 [label="  1.0",
		lp="1461.5,235.5",
		pos="e,1575.2,353.55 1164.3,105.86 1226.6,106.08 1377.1,109.91 1415,141 1451.9,171.31 1422.1,203.51 1449,243 1480.4,289.03 1533.8,327.36 \
1566.6,348.16"];
	12 -> 8	 [label="  1.0",
		lp="1318.5,279",
		pos="e,1357.8,435.47 1164.1,107.91 1188.9,111.04 1225.1,119.29 1248,141 1283.1,174.32 1269.1,197.67 1286,243 1310.6,308.93 1339.6,386.55 \
1354.3,426.06"];
	12 -> 5	 [label="  1.0",
		lp="1065.5,409.5",
		pos="e,1022.9,695.86 1120.7,119.46 1114.5,125.42 1108,132.91 1104,141 1028.2,294.77 1067,352.12 1044,522 1036.1,580.29 1028.2,648.78 \
1024,685.84"];
	12 -> 7	 [label="  1.0",
		lp="1007.5,192",
		pos="e,865.63,273.23 1111,110.13 1087.7,114.75 1053.4,123.96 1028,141 978.74,174.01 990.93,209.5 942,243 922.05,256.66 896.26,265.45 \
875.61,270.8"];
	12 -> 1	 [label="  1.0",
		lp="1209.5,496.5",
		pos="e,1198.7,869.86 1153.8,119.25 1160,125.18 1166.5,132.71 1170,141 1215.7,247.77 1192.6,546.89 1195,663 1196.5,734.01 1197.9,817.69 \
1198.6,859.83"];
	11 -> 2	 [label="  1.0",
		lp="2288.5,366",
		pos="e,2190.2,530.7 2274.4,210.09 2280.7,260.38 2292.3,410.19 2226,504 2219.3,513.46 2209.2,520.78 2199.2,526.22"];
	11 -> 7	 [label="  1.0",
		lp="1778.5,235.5",
		pos="e,867.02,276.85 2245.1,195.05 2149.8,202.26 1820.3,226.87 1548,243 1291.5,258.2 982.33,271.89 877.13,276.42"];
	11 -> 4	 [label="  1.0",
		lp="2389.5,496.5",
		pos="e,1938.1,799.37 2298.6,196.29 2319.5,200.28 2347.9,209.01 2365,228 2401.8,268.98 2389.1,293.36 2396,348 2398,363.87 2397.9,368.12 \
2396,384 2390.7,427.28 2335.1,736.61 2302,765 2275.5,787.75 2040.5,796.51 1948.1,799.1"];
	10 -> 0	 [label="  1.0",
		lp="107.5,670.5",
		pos="e,1695,1148.1 456.94,192.27 400.83,192.3 277,201.08 277,278 277,454 277,454 277,454 277,477.08 273.82,483.62 263,504 205.94,611.52 \
86,591.28 86,713 86,1063 86,1063 86,1063 86,1145.8 1441.7,1148.3 1684.9,1148.1"];
	10 -> 6	 [label="  1.0",
		lp="284.5,627",
		pos="e,1200.7,1060.8 458.12,197.69 419.94,206.27 353,228.39 353,278 353,410.5 353,410.5 353,410.5 353,574.46 225,592.54 225,756.5 225,\
932.5 225,932.5 225,932.5 225,979.21 233.59,1000.9 273,1026 312.33,1051 1019,1059.1 1190.6,1060.7"];
	10 -> 15	 [label="  1.0",
		lp="570.5,105",
		pos="e,918.83,19.002 494.18,175.31 515.82,142.48 566.58,68.394 593,54 646.7,24.749 829.5,19.818 908.8,19.078"];
	10 -> 12	 [label="  1.0",
		lp="789.5,148.5",
		pos="e,1110,106.96 511,191.42 560.69,191.35 669.3,187.25 754,156 765.45,151.78 765.48,145.04 777,141 835.91,120.33 1020.5,110.66 1100,\
107.37"];
	10 -> 7	 [label="  1.0",
		lp="653.5,235.5",
		pos="e,813.69,274.52 507.13,201.44 537.51,212.28 592.67,231.11 641,243 697.13,256.81 763.45,267.34 803.58,273.09"];
	10 -> 1	 [label="  1.0",
		lp="572.5,540",
		pos="e,1171.8,885.6 491.94,209.45 494.49,215.22 497.12,221.8 499,228 542.2,370.76 483.76,429.81 560,558 578.41,588.96 595.9,585.26 623,\
609 640.5,624.33 643.24,629.97 661,645 738.76,710.8 765.12,718.54 844,783 879.84,812.29 879.83,832.92 922,852 963.94,870.98 1096.1,\
881.06 1161.5,885"];
	10 -> 3	 [label="  1.0",
		lp="445.5,583.5",
		pos="e,1099,974.1 460.17,200.63 445.63,206.28 427.49,215.23 415,228 397.76,245.62 391,253.35 391,278 391,410.5 391,410.5 391,410.5 391,\
477.49 404.99,493.21 422,558 440.34,627.88 471,640.75 471,713 471,889 471,889 471,889 471,913.65 474.51,925.3 495,939 544.35,971.99 \
961.21,974.22 1088.9,974.11"];
	9 -> 0	 [label="  1.0",
		lp="1788.5,757.5",
		pos="e,1743.4,1137.7 1606.9,382.5 1627.3,409.55 1669,467.69 1695,522 1775.7,690.74 1769.6,704.01 1779,783 1796.4,928.7 1837.1,983.01 \
1769,1113 1765.1,1120.5 1758.8,1126.8 1752,1131.9"];
	9 -> 14	 [label="  1.0",
		lp="1789.5,496.5",
		pos="e,1826.8,609.37 1620.3,372.72 1651.2,381.07 1703.2,399.59 1732,435 1774.8,487.59 1807.6,561.19 1823.1,599.87"];
	9 -> 13	 [label=" 50.0",
		lp="1619,279",
		pos="e,1697.6,199.8 1592.2,348 1589.5,326.07 1588,287.57 1605,261 1624,231.41 1660.7,213.18 1688,203.14"];
	9 -> 15	 [label="  1.0",
		lp="1905.5,192",
		pos="e,973.32,19.984 1622.2,365.5 1695.8,365.3 1893,353.83 1893,236.5 1893,236.5 1893,236.5 1893,104 1893,57.492 1158.9,26.989 983.37,\
20.36"];
	9 -> 12	 [label="  1.0",
		lp="1410.5,235.5",
		pos="e,1163.7,108.22 1572.6,355.82 1556.6,349.1 1534.7,339.53 1516,330 1489.9,316.72 1482.7,314.23 1459,297 1375.3,236.06 1377.7,189.02 \
1286,141 1250.5,122.4 1205,113.57 1173.7,109.45"];
	9 -> 8	 [label=100.0,
		lp="1379.5,409.5",
		pos="e,1358.9,435.24 1568,366.89 1512.8,367.31 1390,371.71 1364,402 1358.6,408.29 1357.2,416.86 1357.6,425.13"];
	9 -> 7	 [label="  1.0",
		lp="1274.5,322.5",
		pos="e,866.61,283 1568.6,362.02 1455,349.24 1008.1,298.92 876.58,284.12"];
	9 -> 4	 [label="  1.0",
		lp="1970.5,583.5",
		pos="e,1922.4,784.46 1622,367.17 1683.9,368.06 1833.3,373.21 1873,402 1942.2,452.22 1936.3,492.57 1955,576 1970.2,643.73 1965.2,664.76 \
1948,732 1944,747.61 1935.6,763.52 1927.9,776.01"];
	8 -> 2	 [label="  1.0",
		lp="1734.5,496.5",
		pos="e,2140.1,537.45 1390,458.18 1448.9,467.53 1597.2,490.39 1722,504 1873,520.47 2053.7,532.24 2130,536.85"];
	8 -> 14	 [label="  1.0",
		lp="1521.5,540",
		pos="e,1806.2,624.31 1382.8,466.04 1393,472.67 1405.8,481.13 1417,489 1458.8,518.43 1462.4,536.92 1509,558 1606.8,602.26 1734.2,618.13 \
1796.1,623.48"];
	8 -> 12	 [label="  1.0",
		lp="1275.5,279",
		pos="e,1161.7,112.89 1353.7,436.33 1349.7,430.29 1345.1,423.33 1341,417 1306.2,363.75 1291.1,354.06 1263,297 1230.5,231.05 1256.8,195.98 \
1208,141 1198.3,130.02 1184.3,122.12 1171.3,116.62"];
	8 -> 9	 [label="  1.0",
		lp="1430.5,409.5",
		pos="e,1568,367.8 1376.5,436.46 1386.6,425.13 1401.6,410.35 1418,402 1462.6,379.29 1520.4,371.29 1557.7,368.49"];
	8 -> 5	 [label="  1.0",
		lp="1088.5,583.5",
		pos="e,1027.5,696.39 1336.7,454.51 1279.5,456.11 1149.2,462.62 1115,489 1106.6,495.45 1053.7,629.15 1031.2,686.86"];
	8 -> 3	 [label="  1.0",
		lp="1382.5,714",
		pos="e,1151.1,968.09 1364.3,471.26 1364.6,488.43 1365,515.53 1365,539 1365,671.5 1365,671.5 1365,671.5 1365,790.58 1431.3,851.97 1350,\
939 1328,962.57 1237.8,951.64 1206,957 1191.3,959.48 1175.1,962.79 1161.2,965.83"];
	5 -> 14	 [label="  1.0",
		lp="1550.5,670.5",
		pos="e,1806.8,631.36 1047.9,710.84 1111.1,705.71 1274.1,692.14 1410,678 1553.4,663.08 1723.6,641.89 1796.7,632.63"];
	5 -> 15	 [label="  1.0",
		lp="623.5,366",
		pos="e,919.12,19.983 994.8,709.21 968.57,704.63 927.65,695.27 896,678 717.56,580.63 607,526.78 607,323.5 607,323.5 607,323.5 607,104 \
607,42.269 821.17,24.97 909.05,20.47"];
	5 -> 12	 [label="  1.0",
		lp="1036.5,409.5",
		pos="e,1118.8,118.86 1021,695.88 1020.9,686.22 1020.9,673.94 1021,663 1021.7,546.99 1011.6,517.34 1024,402 1030.8,338.39 1039.7,323.59 \
1053,261 1064.7,205.87 1056.1,182.7 1094,141 1099.1,135.42 1105.1,129.97 1111,125.1"];
	5 -> 8	 [label="  1.0",
		lp="1122.5,583.5",
		pos="e,1336.9,454.95 1034.9,698.5 1040.5,692.38 1046.8,685.05 1052,678 1078.9,641.58 1085.2,631.73 1105,591 1126.1,547.48 1105.6,519.63 \
1143,489 1170.5,466.53 1271.3,458.3 1326.8,455.44"];
	5 -> 7	 [label="  1.0",
		lp="871.5,496.5",
		pos="e,840.93,297.14 995,708.57 972.56,703.8 940.05,694.57 916,678 900.4,667.25 897.09,662.14 889,645 860.65,584.91 846.04,381.82 841.54,\
307.52"];
	5 -> 4	 [label="  1.0",
		lp="1758.5,757.5",
		pos="e,1884.4,797.41 1048.1,716.48 1103.5,719.5 1233.7,726.53 1343,732 1427.4,736.23 1642.6,724 1723,750 1734.6,753.75 1734.7,760.32 \
1746,765 1788.2,782.5 1840.1,791.66 1874.4,796.16"];
	5 -> 3	 [label="  1.0",
		lp="947.5,844.5",
		pos="e,1099.5,971.19 999.55,725.1 988.84,731.05 976.4,739.5 968,750 942.16,782.29 942.46,796.32 935,837 926.41,883.87 931.96,907.83 968,\
939 985.89,954.47 1048.6,964.73 1089.4,969.94"];
	7 -> 6	 [label="  1.0",
		lp="348.5,670.5",
		pos="e,1200.9,1061 812.97,279.98 779.74,281.24 722.97,287.66 684,315 654.23,335.89 664.7,357.3 640,384 543.66,488.14 472.94,464.68 385,\
576 321.56,656.31 215.99,952.3 287,1026 318.87,1059.1 1020.3,1061.1 1190.9,1061"];
	7 -> 13	 [label="  1.0",
		lp="1314.5,235.5",
		pos="e,1695,195.02 866.54,274.9 937.26,266.68 1136.2,243.88 1302,228 1443.3,214.47 1611.6,201.35 1684.8,195.79"];
	7 -> 15	 [label="  1.0",
		lp="737.5,148.5",
		pos="e,920.43,24.091 818.73,267.5 777.85,245.83 694.93,193.74 725,141 764.38,71.935 858.92,39.49 910.67,26.447"];
	7 -> 12	 [label="  1.0",
		lp="959.5,192",
		pos="e,1111.5,110.97 853.1,262.92 872.26,241.44 909.72,201.58 947,174 971.47,155.9 978.77,152.37 1007,141 1038,128.51 1074.9,119.05 1101.5,\
113.14"];
	7 -> 11	 [label="  1.0",
		lp="1531.5,235.5",
		pos="e,2245.3,194.75 867.16,276.73 985.04,271.21 1447.7,249.23 1478,243 1497,239.09 1500,231.75 1519,228 1620.2,208.03 1879.9,215.03 \
1983,210 2073.6,205.58 2180.1,198.94 2235,195.41"];
	7 -> 10	 [label="  1.0",
		lp="701.5,235.5",
		pos="e,510.83,194.9 813.76,274.76 782.93,270.31 730.71,260.78 689,243 677.77,238.22 677.32,232.57 666,228 618.01,208.61 558.46,199.77 \
520.83,195.87"];
	7 -> 9	 [label="  1.0",
		lp="1155.5,322.5",
		pos="e,1568.2,363.73 865.83,285.04 918.01,295.04 1039.8,317.51 1143,330 1296.5,348.58 1480.7,359.26 1558,363.22"];
	7 -> 5	 [label="  1.0",
		lp="904.5,496.5",
		pos="e,994.43,710.02 852.5,295.09 862.52,308.18 875.89,328.1 882,348 925.51,489.68 837.5,562.2 930,678 943.25,694.59 965.37,703.33 984.48,\
707.92"];
	7 -> 3	 [label="  1.0",
		lp="686.5,627",
		pos="e,1098.9,973.2 815.01,285.97 797.76,291.17 775.27,300.26 760,315 742.27,332.12 736,340.35 736,365 736,497.5 736,497.5 736,497.5 \
736,554.2 700.09,558.66 674,609 640.53,673.6 603,683.75 603,756.5 603,889 603,889 603,889 603,936.71 652.19,925.68 698,939 770.91,\
960.2 998.74,969.82 1088.8,972.87"];
	4 -> 0	 [label="  1.0",
		lp="2171.5,975",
		pos="e,1749,1148.5 1937.5,805.35 2001.5,814.16 2159,840.58 2159,887 2159,1063 2159,1063 2159,1063 2159,1144.2 1864.8,1149.4 1759.2,1148.6"];
	4 -> 2	 [label="  1.0",
		lp="2120.5,670.5",
		pos="e,2169.1,558.25 1936.6,795.12 1958.3,790.11 1989.5,780.77 2013,765 2034.3,750.68 2155.5,614.85 2165,591 2167.8,583.98 2168.9,575.95 \
2169.2,568.42"];
	4 -> 2	 [color=red,
		pos="e,2182.8,554.74 1938,799.31 1988.4,796.74 2098.2,784.98 2170,732 2201.1,709.05 2227.6,701.4 2223,663 2218.3,623.28 2220.1,610.61 \
2200,576 2197.2,571.12 2193.5,566.38 2189.7,562.05"];
	4 -> 6	 [label="  1.0",
		lp="1895.5,931.5",
		pos="e,1254.3,1057.5 1914.7,819.27 1916.3,828.97 1917.2,841.25 1915,852 1906.1,895.7 1901.6,913.52 1865,939 1676.9,1070 1587.5,1016.1 \
1360,1044 1327.6,1048 1290.8,1052.7 1264.3,1056.2"];
	4 -> 14	 [label="  1.0",
		lp="1891.5,714",
		pos="e,1840.5,644.44 1903.5,783.51 1889.9,753.46 1860.9,689.59 1844.7,653.75"];
	4 -> 11	 [label="  1.0",
		lp="2300.5,496.5",
		pos="e,2282.2,208.81 1938.1,799.68 2024.6,797.95 2288,786.79 2288,715 2288,715 2288,715 2288,495.5 2288,445.37 2301.2,433.98 2305,384 \
2310.3,314.59 2312,294.36 2291,228 2289.9,224.6 2288.5,221.15 2286.9,217.81"];
	4 -> 11	 [color=red,
		pos="e,2298.6,195.75 1938.1,799.13 2024.3,796.15 2287.9,785.45 2320,765 2334.3,755.91 2332,747.43 2339,732 2385.6,628.74 2418.4,602.27 \
2416,489 2414.7,426.29 2413.8,410.61 2410,348 2407.6,309.28 2414.5,298.04 2403,261 2398,244.84 2397.2,238.58 2384,228 2362.4,210.69 \
2332.2,201.89 2308.6,197.45"];
	4 -> 9	 [label="  1.0",
		lp="1780.5,583.5",
		pos="e,1616.8,376.66 1899.1,784.74 1894.3,778.63 1888.9,771.51 1884,765 1873.1,750.49 1870.7,746.68 1860,732 1832,693.36 1821.8,685.82 \
1797,645 1732.2,538.24 1748.8,485.5 1656,402 1647.1,394 1636.1,386.99 1625.9,381.4"];
	4 -> 5	 [label="  1.0",
		lp="1678.5,757.5",
		pos="e,1047.8,716.13 1885,795.8 1825.2,786.3 1673.6,762.98 1546,750 1363.2,731.41 1143.6,720.43 1057.8,716.57"];
	4 -> 1	 [label="  1.0",
		lp="1602.5,844.5",
		pos="e,1225.5,883.37 1884.7,805.23 1855.9,808.75 1808.2,814.48 1767,819 1688.4,827.64 1668.6,827.98 1590,837 1459.4,851.99 1304.6,872.65 \
1235.5,882.02"];
	4 -> 3	 [label="  1.0",
		lp="1772.5,888",
		pos="e,1150.7,967.65 1888.2,810.82 1870.8,817.67 1846.2,827.57 1825,837 1729.8,879.32 1715,913.51 1614,939 1526,961.21 1296,945.53 1206,\
957 1190.9,958.92 1174.5,962.21 1160.4,965.38"];
	1 -> 6	 [label="  1.0",
		lp="1228.5,975",
		pos="e,1225.1,1043.9 1201.9,906.05 1206.9,935.88 1217.3,997.76 1223.4,1033.6"];
	1 -> 13	 [label="  1.0",
		lp="1301.5,540",
		pos="e,1695,194.99 1204.4,870.3 1206.2,864.51 1208.2,857.98 1210,852 1265.1,667.44 1242.1,607.41 1328,435 1362.1,366.61 1376.9,298.35 \
1503,228 1533.5,210.98 1630.7,200.51 1684.8,195.85"];
	1 -> 12	 [label="  1.0",
		lp="1170.5,496.5",
		pos="e,1143,122.69 1196.3,869.74 1186.9,807.79 1156,590.74 1156,410.5 1156,410.5 1156,410.5 1156,191 1156,170.96 1150.9,148.9 1146,132.27"];
	1 -> 12	 [color=red,
		pos="e,1131,122.69 1189.4,871.08 1164,827.94 1095.3,704.38 1072,591 1056.5,515.6 1118,337.57 1118,323.5 1118,323.5 1118,323.5 1118,191 \
1118,170.96 1123.1,148.9 1128,132.27"];
	1 -> 10	 [label="  1.0",
		lp="652.5,540",
		pos="e,498.87,207.38 1171.8,887.16 1128.6,886.44 1042.6,881.09 977,852 943.48,837.14 746.76,670.06 720,645 681.66,609.09 667.58,602.71 \
640,558 557.65,424.52 596.1,362.24 515,228 512.29,223.51 508.97,219.06 505.53,214.91"];
	1 -> 4	 [label="  1.0",
		lp="1454.5,844.5",
		pos="e,1884.8,805.59 1224,880.59 1267.8,869.62 1361.5,847.45 1442,837 1585.5,818.37 1622.9,831.49 1767,819 1803.7,815.82 1845.6,810.71 \
1874.7,806.92"];
	1 -> 3	 [label="  1.0",
		lp="1115.5,931.5",
		pos="e,1111.8,959.7 1172,890.7 1149.4,893.71 1118.5,901.91 1103,924 1097.1,932.42 1100.2,942.6 1105.8,951.57"];
	3 -> 0	 [label="  1.0",
		lp="1671.5,1062",
		pos="e,1706.5,1134.1 1150.7,982.34 1166.4,986.1 1187.3,990.6 1206,993 1249.4,998.56 1559.8,991.67 1599,1011 1625.6,1024.1 1664.6,1091.4 \
1685,1113 1689.5,1117.7 1694.4,1122.6 1699.2,1127.2"];
	3 -> 0	 [color=blue,
		pos="e,1694.7,1147.8 1107.5,988.72 1098,999.07 1090.3,1013.9 1097,1026 1142.5,1108.3 1197.6,1095.2 1290,1113 1433.4,1140.7 1608.4,1146.5 \
1684.2,1147.7"];
	3 -> 0	 [color=red,
		pos="e,1694.9,1147.7 1119.8,992.68 1114.4,1002.6 1109.1,1015.4 1115,1026 1160.5,1108.3 1215.6,1095.2 1308,1113 1445.4,1139.5 1611.7,1146 \
1684.8,1147.5"];
	3 -> 6	 [label="  1.0",
		lp="1175.5,1018.5",
		pos="e,1205.4,1051.8 1135.5,992.32 1142.2,1002.9 1151.9,1016.4 1163,1026 1172.8,1034.5 1185.1,1041.8 1196.3,1047.5"];
	3 -> 6	 [color=blue,
		pos="e,1211.7,1047.1 1144.5,988.25 1155.3,994.21 1168.5,1002 1179,1011 1188.6,1019.1 1197.5,1029.8 1205.2,1039.2"];
	3 -> 6	 [color=red,
		pos="e,1224.6,1043.9 1150.2,983.36 1165,989.57 1183.3,999.31 1197,1011 1205.3,1018.1 1213.1,1027 1219.1,1035.4"];
	3 -> 14	 [label="  1.0",
		lp="1541.5,801",
		pos="e,1809.1,635.39 1151.1,967.84 1166.8,964.19 1187.5,959.76 1206,957 1251.9,950.17 1374.8,963.75 1414,939 1458.5,910.94 1437.7,875.06 \
1474,837 1571.5,734.76 1614,726.93 1740,663 1759.1,653.32 1781.5,644.8 1799.5,638.59"];
	3 -> 14	 [color=blue,
		pos="e,1812.9,639.12 1149.9,966.16 1163.7,962.88 1181.1,959.3 1197,957 1247.7,949.66 1379.8,958.95 1427,939 1490.2,912.29 1489.6,880.19 \
1543,837 1635.7,761.98 1751.3,679.22 1804.4,644.63"];
	3 -> 14	 [color=red,
		pos="e,1817.8,641.9 1151.8,969.32 1169.8,965.43 1193.8,960.07 1215,957 1265.7,949.66 1397.8,958.95 1445,939 1508.2,912.29 1507.6,880.19 \
1561,837 1650.7,764.45 1761.7,684.66 1809.6,648.2"];
	3 -> 15	 [label="  1.0",
		lp="245.5,496.5",
		pos="e,919.04,19.185 1098.8,973.81 982.52,972.81 531.4,967.15 475,939 449.03,926.04 433,918.02 433,889 433,889 433,889 433,756.5 433,\
713.71 429.24,701.23 410,663 344.5,532.88 201,556.18 201,410.5 201,410.5 201,410.5 201,104 201,31.934 758.41,20.943 908.92,19.289"];
	3 -> 15	 [color=blue,
		pos="e,918.7,19.065 1098.7,973.68 973.08,971.98 455.43,963.29 388,939 270.81,896.79 107,578.56 107,454 107,454 107,454 107,104 107,72.257 \
128.89,66.659 158,54 226.81,24.077 760.68,19.732 908.35,19.105"];
	3 -> 15	 [color=red,
		pos="e,918.76,19.087 1098.7,973.59 975.17,971.71 472.39,962.91 406,939 288.81,896.79 125,578.56 125,454 125,454 125,454 125,104 125,72.257 \
146.89,66.659 176,54 243.83,24.505 763.51,19.862 908.58,19.134"];
	3 -> 10	 [label="  1.0",
		lp="476.5,583.5",
		pos="e,468.09,206.59 1098.8,974 988.8,973.77 580.36,970.79 533,939 512.53,925.26 509,913.65 509,889 509,889 509,889 509,756.5 509,686.97 \
429,523.53 429,454 429,454 429,454 429,278 429,253.08 445.87,229.69 460.93,213.78"];
	3 -> 10	 [color=blue,
		pos="e,474.84,209.25 1098.8,974.13 1005.7,974.35 702.62,972.61 613,939 578.54,926.08 547,925.8 547,889 547,889 547,889 547,756.5 547,\
598.67 467,568.33 467,410.5 467,410.5 467,410.5 467,278 467,258.3 469.16,236.15 472.49,219.4"];
	3 -> 10	 [color=red,
		pos="e,488.27,209.89 1099,974.15 1008.6,974.24 718.36,971.77 631,939 596.54,926.08 565,925.8 565,889 565,889 565,889 565,756.5 565,598.67 \
485,568.33 485,410.5 485,410.5 485,410.5 485,278 485,258.55 487.1,236.7 487.94,220.02"];
	3 -> 8	 [label="  1.0",
		lp="1472.5,714",
		pos="e,1374.1,469.98 1151.1,967.93 1166.8,964.31 1187.5,959.88 1206,957 1245.7,950.81 1355.3,964.92 1386,939 1434.5,898.13 1471.3,724.98 \
1458,663 1442.8,592.35 1401.9,516.76 1379.4,478.79"];
	3 -> 8	 [color=blue,
		pos="e,1353.6,469.62 1148.4,964.64 1187.2,948.9 1265.5,912.78 1299,852 1370.5,722.5 1318.5,668.04 1342,522 1344.3,507.91 1347.2,492.26 \
1350.6,479.53"];
	3 -> 8	 [color=red,
		pos="e,1367.8,471 1151,967.58 1194.3,953.74 1281.2,916.95 1317,852 1388.5,722.5 1336.5,668.04 1360,522 1362.2,508.51 1365,493.59 1366.6,\
481.17"];
	3 -> 5	 [label="  1.0",
		lp="994.5,844.5",
		pos="e,1013,731.38 1098.8,973.17 1072.1,970.88 1032.1,963.28 1008,939 955.62,886.17 988.63,787.49 1008.8,740.78"];
	3 -> 5	 [color=blue,
		pos="e,1019.5,732.05 1106.4,962.49 1099.3,956.01 1092.1,947.53 1087,939 1048.3,873.81 1026.4,785.98 1020.6,742.19"];
	3 -> 5	 [color=red,
		pos="e,1028.6,731.47 1118.3,957.46 1113.9,951.91 1108.8,945.47 1105,939 1066,873.35 1044.1,784.73 1031.5,741.26"];
	3 -> 7	 [label="  1.0",
		lp="753.5,627",
		pos="e,821.62,292.36 1098.8,974.23 1006.7,974.28 712,968.24 712,889 712,889 712,889 712,713 712,613.34 774,597.16 774,497.5 774,497.5 \
774,497.5 774,365 774,337.94 795.12,314.3 813.47,298.86"];
	3 -> 7	 [color=blue,
		pos="e,827.91,295.13 1099,972.55 1022.6,967.46 812,947.47 812,889 812,889 812,889 812,365 812,344.34 817.41,321.52 823.83,304.73"];
	3 -> 7	 [color=red,
		pos="e,840.73,297.01 1099.2,971.95 1026.1,966.01 830,945.41 830,889 830,889 830,889 830,365 830,345.28 834.93,323.59 838.58,307.05"];
	3 -> 4	 [label="  1.0",
		lp="1848.5,888",
		pos="e,1896,816.38 1150.7,967.63 1166.4,963.85 1187.3,959.35 1206,957 1402.4,932.34 1454.9,966.15 1651,939 1713.5,930.35 1732.8,934.58 \
1789,906 1810.7,894.99 1859.5,850.63 1888.4,823.52"];
	3 -> 4	 [color=blue,
		pos="e,1885.4,807.21 1149.5,966.05 1163.3,962.7 1181,959.1 1197,957 1352.3,936.66 1397.4,978.44 1549,939 1616.1,921.54 1625,896.87 1689,\
870 1752.7,843.22 1830.9,820.78 1875.6,809.61"];
	3 -> 4	 [color=red,
		pos="e,1887.1,809.73 1151.8,969.17 1169.7,965.2 1193.7,959.78 1215,957 1370.3,936.66 1415.4,978.44 1567,939 1634.1,921.54 1643,896.87 \
1707,870 1765.6,845.4 1836.3,824.46 1877.3,812.56"];
	3 -> 1	 [label="  1.0",
		lp="1163.5,931.5",
		pos="e,1179,900.45 1132.1,957.06 1136.3,946.77 1142.7,933.78 1151,924 1156.5,917.47 1163.5,911.49 1170.4,906.4"];
	3 -> 1	 [color=blue,
		pos="e,1186.9,904.17 1142.6,960.25 1150.7,954.54 1160.1,947.3 1167,939 1173.3,931.46 1178.2,921.91 1182.5,913.18"];
	3 -> 1	 [color=red,
		pos="e,1201.5,906.01 1149.4,965.84 1161.6,959.65 1175.6,950.31 1185,939 1190.7,932.19 1195.3,923.75 1198.4,915.75"];
}
